0 info it worked if it ends with ok
1 verbose cli [ 'C:\\Program Files\\nodejs\\node.exe',
1 verbose cli   'C:\\Program Files\\nodejs\\node_modules\\npm\\bin\\npm-cli.js',
1 verbose cli   'install',
1 verbose cli   '--save',
1 verbose cli   'jpeg-recompress-bin' ]
2 info using npm@3.10.10
3 info using node@v7.3.0
4 silly loadCurrentTree Starting
5 silly install loadCurrentTree
6 silly install readLocalPackageData
7 silly fetchPackageMetaData jpeg-recompress-bin
8 silly fetchNamedPackageData jpeg-recompress-bin
9 silly mapToRegistry name jpeg-recompress-bin
10 silly mapToRegistry using default registry
11 silly mapToRegistry registry https://registry.npmjs.org/
12 silly mapToRegistry data Result {
12 silly mapToRegistry   raw: 'jpeg-recompress-bin',
12 silly mapToRegistry   scope: null,
12 silly mapToRegistry   escapedName: 'jpeg-recompress-bin',
12 silly mapToRegistry   name: 'jpeg-recompress-bin',
12 silly mapToRegistry   rawSpec: '',
12 silly mapToRegistry   spec: 'latest',
12 silly mapToRegistry   type: 'tag' }
13 silly mapToRegistry uri https://registry.npmjs.org/jpeg-recompress-bin
14 verbose request uri https://registry.npmjs.org/jpeg-recompress-bin
15 verbose request no auth needed
16 info attempt registry request try #1 at 1:42:58 PM
17 verbose request id 14659b42e2b6f8ca
18 verbose etag W/"55366816-79c7"
19 verbose lastModified Tue, 21 Apr 2015 15:09:10 GMT
20 http request GET https://registry.npmjs.org/jpeg-recompress-bin
21 http 304 https://registry.npmjs.org/jpeg-recompress-bin
22 verbose headers { date: 'Fri, 06 Jan 2017 08:12:58 GMT',
22 verbose headers   via: '1.1 varnish',
22 verbose headers   'cache-control': 'max-age=300',
22 verbose headers   etag: 'W/"55366816-79c7"',
22 verbose headers   age: '0',
22 verbose headers   connection: 'keep-alive',
22 verbose headers   'x-served-by': 'cache-cdg8722-CDG',
22 verbose headers   'x-cache': 'HIT',
22 verbose headers   'x-cache-hits': '1',
22 verbose headers   'x-timer': 'S1483690378.198899,VS0,VE15',
22 verbose headers   vary: 'Accept-Encoding' }
23 silly get cb [ 304,
23 silly get   { date: 'Fri, 06 Jan 2017 08:12:58 GMT',
23 silly get     via: '1.1 varnish',
23 silly get     'cache-control': 'max-age=300',
23 silly get     etag: 'W/"55366816-79c7"',
23 silly get     age: '0',
23 silly get     connection: 'keep-alive',
23 silly get     'x-served-by': 'cache-cdg8722-CDG',
23 silly get     'x-cache': 'HIT',
23 silly get     'x-cache-hits': '1',
23 silly get     'x-timer': 'S1483690378.198899,VS0,VE15',
23 silly get     vary: 'Accept-Encoding' } ]
24 verbose etag https://registry.npmjs.org/jpeg-recompress-bin from cache
25 verbose get saving jpeg-recompress-bin to C:\Users\Admin\AppData\Roaming\npm-cache\registry.npmjs.org\jpeg-recompress-bin\.cache.json
26 verbose correctMkdir C:\Users\Admin\AppData\Roaming\npm-cache correctMkdir not in flight; initializing
27 silly install normalizeTree
28 silly loadCurrentTree Finishing
29 silly loadIdealTree Starting
30 silly install loadIdealTree
31 silly cloneCurrentTree Starting
32 silly install cloneCurrentTreeToIdealTree
33 silly cloneCurrentTree Finishing
34 silly loadShrinkwrap Starting
35 silly install loadShrinkwrap
36 silly loadShrinkwrap Finishing
37 silly loadAllDepsIntoIdealTree Starting
38 silly install loadAllDepsIntoIdealTree
39 silly resolveWithNewModule jpeg-recompress-bin@3.0.1 checking installable status
40 silly cache add args [ 'jpeg-recompress-bin', null ]
41 verbose cache add spec jpeg-recompress-bin
42 silly cache add parsed spec Result {
42 silly cache add   raw: 'jpeg-recompress-bin',
42 silly cache add   scope: null,
42 silly cache add   escapedName: 'jpeg-recompress-bin',
42 silly cache add   name: 'jpeg-recompress-bin',
42 silly cache add   rawSpec: '',
42 silly cache add   spec: 'latest',
42 silly cache add   type: 'tag' }
43 silly addNamed jpeg-recompress-bin@latest
44 verbose addNamed "latest" is being treated as a dist-tag for jpeg-recompress-bin
45 info addNameTag [ 'jpeg-recompress-bin', 'latest' ]
46 silly mapToRegistry name jpeg-recompress-bin
47 silly mapToRegistry using default registry
48 silly mapToRegistry registry https://registry.npmjs.org/
49 silly mapToRegistry data Result {
49 silly mapToRegistry   raw: 'jpeg-recompress-bin',
49 silly mapToRegistry   scope: null,
49 silly mapToRegistry   escapedName: 'jpeg-recompress-bin',
49 silly mapToRegistry   name: 'jpeg-recompress-bin',
49 silly mapToRegistry   rawSpec: '',
49 silly mapToRegistry   spec: 'latest',
49 silly mapToRegistry   type: 'tag' }
50 silly mapToRegistry uri https://registry.npmjs.org/jpeg-recompress-bin
51 verbose addNameTag registry:https://registry.npmjs.org/jpeg-recompress-bin not in flight; fetching
52 verbose get https://registry.npmjs.org/jpeg-recompress-bin not expired, no request
53 silly addNameTag next cb for jpeg-recompress-bin with tag latest
54 silly addNamed jpeg-recompress-bin@3.0.1
55 verbose addNamed "3.0.1" is a plain semver version for jpeg-recompress-bin
56 silly cache afterAdd jpeg-recompress-bin@3.0.1
57 verbose afterAdd C:\Users\Admin\AppData\Roaming\npm-cache\jpeg-recompress-bin\3.0.1\package\package.json not in flight; writing
58 verbose correctMkdir C:\Users\Admin\AppData\Roaming\npm-cache correctMkdir not in flight; initializing
59 verbose afterAdd C:\Users\Admin\AppData\Roaming\npm-cache\jpeg-recompress-bin\3.0.1\package\package.json written
60 silly loadAllDepsIntoIdealTree Finishing
61 silly loadIdealTree Finishing
62 silly currentTree gulp-website@1.0.0
62 silly currentTree +-- align-text@0.1.4
62 silly currentTree +-- amdefine@1.0.1
62 silly currentTree +-- ansi-regex@0.2.1
62 silly currentTree +-- ansi-styles@1.1.0
62 silly currentTree +-- archive-type@3.2.0
62 silly currentTree +-- archy@1.0.0
62 silly currentTree +-- argparse@1.0.9
62 silly currentTree +-- arr-diff@2.0.0
62 silly currentTree +-- arr-flatten@1.0.1
62 silly currentTree +-- array-differ@1.0.0
62 silly currentTree +-- array-find-index@1.0.2
62 silly currentTree +-- array-union@1.0.2
62 silly currentTree +-- array-uniq@1.0.3
62 silly currentTree +-- array-unique@0.2.1
62 silly currentTree +-- arrify@1.0.1
62 silly currentTree +-- async-each-series@1.1.0
62 silly currentTree +-- async@0.2.10
62 silly currentTree +-- autoprefixer@6.6.1
62 silly currentTree +-- babel-code-frame@6.20.0
62 silly currentTree | +-- ansi-regex@2.0.0
62 silly currentTree | +-- ansi-styles@2.2.1
62 silly currentTree | +-- chalk@1.1.3
62 silly currentTree | +-- has-ansi@2.0.0
62 silly currentTree | +-- strip-ansi@3.0.1
62 silly currentTree | `-- supports-color@2.0.0
62 silly currentTree +-- babel-core@6.21.0
62 silly currentTree | `-- minimatch@3.0.3
62 silly currentTree +-- babel-generator@6.21.0
62 silly currentTree | `-- jsesc@1.3.0
62 silly currentTree +-- babel-helper-call-delegate@6.18.0
62 silly currentTree +-- babel-helper-define-map@6.18.0
62 silly currentTree +-- babel-helper-function-name@6.18.0
62 silly currentTree +-- babel-helper-get-function-arity@6.18.0
62 silly currentTree +-- babel-helper-hoist-variables@6.18.0
62 silly currentTree +-- babel-helper-optimise-call-expression@6.18.0
62 silly currentTree +-- babel-helper-regex@6.18.0
62 silly currentTree +-- babel-helper-replace-supers@6.18.0
62 silly currentTree +-- babel-helpers@6.16.0
62 silly currentTree +-- babel-messages@6.8.0
62 silly currentTree +-- babel-plugin-check-es2015-constants@6.8.0
62 silly currentTree +-- babel-plugin-transform-es2015-arrow-functions@6.8.0
62 silly currentTree +-- babel-plugin-transform-es2015-block-scoped-functions@6.8.0
62 silly currentTree +-- babel-plugin-transform-es2015-block-scoping@6.21.0
62 silly currentTree +-- babel-plugin-transform-es2015-classes@6.18.0
62 silly currentTree +-- babel-plugin-transform-es2015-computed-properties@6.8.0
62 silly currentTree +-- babel-plugin-transform-es2015-destructuring@6.19.0
62 silly currentTree +-- babel-plugin-transform-es2015-duplicate-keys@6.8.0
62 silly currentTree +-- babel-plugin-transform-es2015-for-of@6.18.0
62 silly currentTree +-- babel-plugin-transform-es2015-function-name@6.9.0
62 silly currentTree +-- babel-plugin-transform-es2015-literals@6.8.0
62 silly currentTree +-- babel-plugin-transform-es2015-modules-amd@6.18.0
62 silly currentTree +-- babel-plugin-transform-es2015-modules-commonjs@6.18.0
62 silly currentTree +-- babel-plugin-transform-es2015-modules-systemjs@6.19.0
62 silly currentTree +-- babel-plugin-transform-es2015-modules-umd@6.18.0
62 silly currentTree +-- babel-plugin-transform-es2015-object-super@6.8.0
62 silly currentTree +-- babel-plugin-transform-es2015-parameters@6.21.0
62 silly currentTree +-- babel-plugin-transform-es2015-shorthand-properties@6.18.0
62 silly currentTree +-- babel-plugin-transform-es2015-spread@6.8.0
62 silly currentTree +-- babel-plugin-transform-es2015-sticky-regex@6.8.0
62 silly currentTree +-- babel-plugin-transform-es2015-template-literals@6.8.0
62 silly currentTree +-- babel-plugin-transform-es2015-typeof-symbol@6.18.0
62 silly currentTree +-- babel-plugin-transform-es2015-unicode-regex@6.11.0
62 silly currentTree +-- babel-plugin-transform-regenerator@6.21.0
62 silly currentTree +-- babel-plugin-transform-strict-mode@6.18.0
62 silly currentTree +-- babel-preset-es2015@6.18.0
62 silly currentTree +-- babel-register@6.18.0
62 silly currentTree +-- babel-runtime@6.20.0
62 silly currentTree +-- babel-template@6.16.0
62 silly currentTree +-- babel-traverse@6.21.0
62 silly currentTree +-- babel-types@6.21.0
62 silly currentTree +-- babylon@6.14.1
62 silly currentTree +-- balanced-match@0.4.2
62 silly currentTree +-- beeper@1.1.1
62 silly currentTree +-- bin-build@2.2.0
62 silly currentTree +-- bin-check@2.0.0
62 silly currentTree +-- bin-version-check@2.1.0
62 silly currentTree +-- bin-version@1.0.4
62 silly currentTree +-- bin-wrapper@3.0.2
62 silly currentTree +-- bl@1.2.0
62 silly currentTree | +-- isarray@1.0.0
62 silly currentTree | `-- readable-stream@2.2.2
62 silly currentTree +-- body-parser@1.14.2
62 silly currentTree | +-- debug@2.2.0
62 silly currentTree | +-- ms@0.7.1
62 silly currentTree | `-- qs@5.2.0
62 silly currentTree +-- brace-expansion@1.1.6
62 silly currentTree +-- braces@1.8.5
62 silly currentTree +-- browserslist@1.5.2
62 silly currentTree +-- buffer-crc32@0.2.13
62 silly currentTree +-- buffer-shims@1.0.0
62 silly currentTree +-- buffer-to-vinyl@1.1.0
62 silly currentTree | +-- isarray@1.0.0
62 silly currentTree | +-- readable-stream@2.2.2
62 silly currentTree | `-- vinyl@1.2.0
62 silly currentTree +-- bufferstreams@1.0.1
62 silly currentTree +-- builtin-modules@1.1.1
62 silly currentTree +-- bytes@2.2.0
62 silly currentTree +-- camelcase-keys@2.1.0
62 silly currentTree | `-- camelcase@2.1.1
62 silly currentTree +-- camelcase@1.2.1
62 silly currentTree +-- caniuse-db@1.0.30000604
62 silly currentTree +-- capture-stack-trace@1.0.0
62 silly currentTree +-- caw@1.2.0
62 silly currentTree +-- center-align@0.1.3
62 silly currentTree +-- chalk@0.5.1
62 silly currentTree +-- clap@1.1.2
62 silly currentTree | +-- ansi-regex@2.0.0
62 silly currentTree | +-- ansi-styles@2.2.1
62 silly currentTree | +-- chalk@1.1.3
62 silly currentTree | +-- has-ansi@2.0.0
62 silly currentTree | +-- strip-ansi@3.0.1
62 silly currentTree | `-- supports-color@2.0.0
62 silly currentTree +-- clean-css@3.4.23
62 silly currentTree | +-- commander@2.8.1
62 silly currentTree | `-- source-map@0.4.4
62 silly currentTree +-- cliui@2.1.0
62 silly currentTree +-- clone-buffer@1.0.0
62 silly currentTree +-- clone-stats@0.0.1
62 silly currentTree +-- clone@1.0.2
62 silly currentTree +-- cloneable-readable@1.0.0
62 silly currentTree +-- co@3.1.0
62 silly currentTree +-- coa@1.0.1
62 silly currentTree +-- colors@1.1.2
62 silly currentTree +-- commander@2.9.0
62 silly currentTree +-- concat-map@0.0.1
62 silly currentTree +-- concat-stream@1.6.0
62 silly currentTree | +-- isarray@1.0.0
62 silly currentTree | `-- readable-stream@2.2.2
62 silly currentTree +-- concat-with-sourcemaps@1.0.4
62 silly currentTree +-- console-stream@0.1.1
62 silly currentTree +-- content-type@1.0.2
62 silly currentTree +-- convert-source-map@1.3.0
62 silly currentTree +-- core-js@2.4.1
62 silly currentTree +-- core-util-is@1.0.2
62 silly currentTree +-- create-error-class@3.0.2
62 silly currentTree +-- cross-spawn@4.0.2
62 silly currentTree | `-- lru-cache@4.0.2
62 silly currentTree +-- csso@2.2.1
62 silly currentTree +-- currently-unhandled@0.4.1
62 silly currentTree +-- dateformat@2.0.0
62 silly currentTree +-- debug@2.6.0
62 silly currentTree +-- decamelize@1.2.0
62 silly currentTree +-- decompress-tar@3.1.0
62 silly currentTree | +-- clone@0.2.0
62 silly currentTree | +-- object-assign@2.1.1
62 silly currentTree | +-- readable-stream@1.0.34
62 silly currentTree | +-- through2@0.6.5
62 silly currentTree | `-- vinyl@0.4.6
62 silly currentTree +-- decompress-tarbz2@3.1.0
62 silly currentTree | +-- clone@0.2.0
62 silly currentTree | +-- object-assign@2.1.1
62 silly currentTree | +-- readable-stream@1.0.34
62 silly currentTree | +-- through2@0.6.5
62 silly currentTree | `-- vinyl@0.4.6
62 silly currentTree +-- decompress-targz@3.1.0
62 silly currentTree | +-- clone@0.2.0
62 silly currentTree | +-- object-assign@2.1.1
62 silly currentTree | +-- readable-stream@1.0.34
62 silly currentTree | +-- through2@0.6.5
62 silly currentTree | `-- vinyl@0.4.6
62 silly currentTree +-- decompress-unzip@3.4.0
62 silly currentTree | `-- vinyl@1.2.0
62 silly currentTree +-- decompress@3.0.0
62 silly currentTree | +-- glob-parent@3.1.0
62 silly currentTree | +-- glob-stream@5.3.5
62 silly currentTree | | +-- isarray@0.0.1
62 silly currentTree | | +-- readable-stream@1.0.34
62 silly currentTree | | `-- through2@0.6.5
62 silly currentTree | +-- glob@5.0.15
62 silly currentTree | +-- graceful-fs@4.1.11
62 silly currentTree | +-- is-extglob@2.1.1
62 silly currentTree | +-- is-glob@3.1.0
62 silly currentTree | +-- isarray@1.0.0
62 silly currentTree | +-- object-assign@4.1.0
62 silly currentTree | +-- ordered-read-streams@0.3.0
62 silly currentTree | +-- readable-stream@2.2.2
62 silly currentTree | +-- strip-bom@2.0.0
62 silly currentTree | +-- unique-stream@2.2.1
62 silly currentTree | +-- vinyl-fs@2.4.4
62 silly currentTree | `-- vinyl@1.2.0
62 silly currentTree +-- deep-extend@0.4.1
62 silly currentTree +-- defaults@1.0.3
62 silly currentTree +-- depd@1.1.0
62 silly currentTree +-- deprecated@0.0.1
62 silly currentTree +-- detect-file@0.1.0
62 silly currentTree +-- detect-indent@4.0.0
62 silly currentTree +-- download@4.4.3
62 silly currentTree | +-- glob-parent@3.1.0
62 silly currentTree | +-- glob-stream@5.3.5
62 silly currentTree | | +-- isarray@0.0.1
62 silly currentTree | | +-- readable-stream@1.0.34
62 silly currentTree | | `-- through2@0.6.5
62 silly currentTree | +-- glob@5.0.15
62 silly currentTree | +-- graceful-fs@4.1.11
62 silly currentTree | +-- is-extglob@2.1.1
62 silly currentTree | +-- is-glob@3.1.0
62 silly currentTree | +-- isarray@1.0.0
62 silly currentTree | +-- object-assign@4.1.0
62 silly currentTree | +-- ordered-read-streams@0.3.0
62 silly currentTree | +-- readable-stream@2.2.2
62 silly currentTree | +-- strip-bom@2.0.0
62 silly currentTree | +-- unique-stream@2.2.1
62 silly currentTree | +-- vinyl-fs@2.4.4
62 silly currentTree | `-- vinyl@1.2.0
62 silly currentTree +-- duplexer@0.1.1
62 silly currentTree +-- duplexer2@0.0.2
62 silly currentTree +-- duplexify@3.5.0
62 silly currentTree | +-- end-of-stream@1.0.0
62 silly currentTree | +-- isarray@1.0.0
62 silly currentTree | `-- readable-stream@2.2.2
62 silly currentTree +-- each-async@1.1.1
62 silly currentTree +-- ee-first@1.1.1
62 silly currentTree +-- end-of-stream@0.1.5
62 silly currentTree +-- error-ex@1.3.0
62 silly currentTree +-- escape-string-regexp@1.0.5
62 silly currentTree +-- esprima@2.7.3
62 silly currentTree +-- esutils@2.0.2
62 silly currentTree +-- event-stream@3.3.4
62 silly currentTree +-- exec-buffer@3.1.0
62 silly currentTree +-- exec-series@1.0.3
62 silly currentTree | `-- object-assign@4.1.0
62 silly currentTree +-- execa@0.5.0
62 silly currentTree +-- executable@1.1.0
62 silly currentTree +-- expand-brackets@0.1.5
62 silly currentTree +-- expand-range@1.8.2
62 silly currentTree +-- expand-tilde@1.2.2
62 silly currentTree +-- extend-shallow@2.0.1
62 silly currentTree +-- extend@3.0.0
62 silly currentTree +-- extglob@0.3.2
62 silly currentTree +-- fancy-log@1.3.0
62 silly currentTree | +-- ansi-regex@2.0.0
62 silly currentTree | +-- ansi-styles@2.2.1
62 silly currentTree | +-- chalk@1.1.3
62 silly currentTree | +-- has-ansi@2.0.0
62 silly currentTree | +-- strip-ansi@3.0.1
62 silly currentTree | `-- supports-color@2.0.0
62 silly currentTree +-- faye-websocket@0.7.3
62 silly currentTree +-- fd-slicer@1.0.1
62 silly currentTree +-- figures@1.7.0
62 silly currentTree | `-- object-assign@4.1.0
62 silly currentTree +-- file-size@0.0.5
62 silly currentTree +-- file-type@3.9.0
62 silly currentTree +-- filename-regex@2.0.0
62 silly currentTree +-- filename-reserved-regex@1.0.0
62 silly currentTree +-- filenamify@1.2.1
62 silly currentTree +-- fill-range@2.2.3
62 silly currentTree +-- find-index@0.1.1
62 silly currentTree +-- find-up@1.1.2
62 silly currentTree +-- find-versions@1.2.1
62 silly currentTree +-- findup-sync@0.4.3
62 silly currentTree +-- fined@1.0.2
62 silly currentTree +-- first-chunk-stream@1.0.0
62 silly currentTree +-- flagged-respawn@0.3.2
62 silly currentTree +-- for-in@0.1.6
62 silly currentTree +-- for-own@0.1.4
62 silly currentTree +-- from@0.1.3
62 silly currentTree +-- fs-exists-sync@0.1.0
62 silly currentTree +-- fs.realpath@1.0.0
62 silly currentTree +-- gaze@0.5.2
62 silly currentTree +-- get-proxy@1.1.0
62 silly currentTree +-- get-stdin@4.0.1
62 silly currentTree +-- get-stream@2.3.1
62 silly currentTree | `-- object-assign@4.1.0
62 silly currentTree +-- gifsicle@3.0.4
62 silly currentTree +-- glob-base@0.3.0
62 silly currentTree +-- glob-parent@2.0.0
62 silly currentTree +-- glob-stream@3.1.18
62 silly currentTree | +-- readable-stream@1.0.34
62 silly currentTree | `-- through2@0.6.5
62 silly currentTree +-- glob-watcher@0.0.6
62 silly currentTree +-- glob@4.5.3
62 silly currentTree +-- glob2base@0.0.12
62 silly currentTree +-- global-modules@0.2.3
62 silly currentTree +-- global-prefix@0.1.5
62 silly currentTree +-- globals@9.14.0
62 silly currentTree +-- globby@5.0.0
62 silly currentTree | +-- glob@7.1.1
62 silly currentTree | +-- minimatch@3.0.3
62 silly currentTree | `-- object-assign@4.1.0
62 silly currentTree +-- globule@0.1.0
62 silly currentTree | +-- glob@3.1.21
62 silly currentTree | +-- graceful-fs@1.2.3
62 silly currentTree | +-- inherits@1.0.2
62 silly currentTree | +-- lodash@1.0.2
62 silly currentTree | `-- minimatch@0.2.14
62 silly currentTree +-- glogg@1.0.0
62 silly currentTree +-- got@5.7.1
62 silly currentTree | +-- duplexer2@0.1.4
62 silly currentTree | +-- isarray@1.0.0
62 silly currentTree | +-- object-assign@4.1.0
62 silly currentTree | `-- readable-stream@2.2.2
62 silly currentTree +-- graceful-fs@3.0.11
62 silly currentTree +-- graceful-readlink@1.0.1
62 silly currentTree +-- gulp-autoprefixer@3.1.1
62 silly currentTree +-- gulp-babel@6.1.2
62 silly currentTree | `-- object-assign@4.1.0
62 silly currentTree +-- gulp-concat@2.6.1
62 silly currentTree | +-- clone-stats@1.0.0
62 silly currentTree | +-- replace-ext@1.0.0
62 silly currentTree | `-- vinyl@2.0.1
62 silly currentTree +-- gulp-declare@0.3.0
62 silly currentTree +-- gulp-decompress@1.2.0
62 silly currentTree | +-- isarray@1.0.0
62 silly currentTree | `-- readable-stream@2.2.2
62 silly currentTree +-- gulp-imagemin@3.0.1
62 silly currentTree | +-- ansi-regex@2.0.0
62 silly currentTree | +-- ansi-styles@2.2.1
62 silly currentTree | +-- chalk@1.1.3
62 silly currentTree | +-- has-ansi@2.0.0
62 silly currentTree | +-- strip-ansi@3.0.1
62 silly currentTree | `-- supports-color@2.0.0
62 silly currentTree +-- gulp-livereload@3.8.1
62 silly currentTree +-- gulp-minify-css@1.2.4
62 silly currentTree | +-- isarray@1.0.0
62 silly currentTree | +-- object-assign@4.1.0
62 silly currentTree | `-- readable-stream@2.2.2
62 silly currentTree +-- gulp-rename@1.2.2
62 silly currentTree +-- gulp-sourcemaps@1.6.0
62 silly currentTree | +-- graceful-fs@4.1.11
62 silly currentTree | +-- strip-bom@2.0.0
62 silly currentTree | `-- vinyl@1.2.0
62 silly currentTree +-- gulp-uglify@2.0.0
62 silly currentTree +-- gulp-util@3.0.8
62 silly currentTree | +-- ansi-regex@2.0.0
62 silly currentTree | +-- ansi-styles@2.2.1
62 silly currentTree | +-- chalk@1.1.3
62 silly currentTree | +-- has-ansi@2.0.0
62 silly currentTree | +-- strip-ansi@3.0.1
62 silly currentTree | `-- supports-color@2.0.0
62 silly currentTree +-- gulp@3.9.1
62 silly currentTree | +-- ansi-regex@2.0.0
62 silly currentTree | +-- ansi-styles@2.2.1
62 silly currentTree | +-- chalk@1.1.3
62 silly currentTree | +-- has-ansi@2.0.0
62 silly currentTree | +-- strip-ansi@3.0.1
62 silly currentTree | `-- supports-color@2.0.0
62 silly currentTree +-- gulplog@1.0.0
62 silly currentTree +-- has-ansi@0.1.0
62 silly currentTree +-- has-flag@1.0.0
62 silly currentTree +-- has-gulplog@0.1.0
62 silly currentTree +-- home-or-tmp@2.0.0
62 silly currentTree +-- homedir-polyfill@1.0.1
62 silly currentTree +-- hosted-git-info@2.1.5
62 silly currentTree +-- html-comment-regex@1.1.1
62 silly currentTree +-- http-errors@1.3.1
62 silly currentTree +-- iconv-lite@0.4.13
62 silly currentTree +-- imagemin-gifsicle@5.1.0
62 silly currentTree +-- imagemin-jpegtran@5.0.2
62 silly currentTree +-- imagemin-optipng@5.2.1
62 silly currentTree +-- imagemin-pngquant@5.0.0
62 silly currentTree +-- imagemin-svgo@5.2.0
62 silly currentTree +-- imagemin@5.2.2
62 silly currentTree +-- indent-string@2.1.0
62 silly currentTree +-- inflight@1.0.6
62 silly currentTree +-- inherits@2.0.3
62 silly currentTree +-- ini@1.3.4
62 silly currentTree +-- interpret@1.0.1
62 silly currentTree +-- invariant@2.2.2
62 silly currentTree +-- ip-regex@1.0.3
62 silly currentTree +-- irregular-plurals@1.2.0
62 silly currentTree +-- is-absolute@0.2.6
62 silly currentTree +-- is-arrayish@0.2.1
62 silly currentTree +-- is-buffer@1.1.4
62 silly currentTree +-- is-builtin-module@1.0.0
62 silly currentTree +-- is-bzip2@1.0.0
62 silly currentTree +-- is-dotfile@1.0.2
62 silly currentTree +-- is-equal-shallow@0.1.3
62 silly currentTree +-- is-extendable@0.1.1
62 silly currentTree +-- is-extglob@1.0.0
62 silly currentTree +-- is-finite@1.0.2
62 silly currentTree +-- is-gif@1.0.0
62 silly currentTree +-- is-glob@2.0.1
62 silly currentTree +-- is-gzip@1.0.0
62 silly currentTree +-- is-jpg@1.0.0
62 silly currentTree +-- is-natural-number@2.1.1
62 silly currentTree +-- is-number@2.1.0
62 silly currentTree +-- is-obj@1.0.1
62 silly currentTree +-- is-png@1.0.0
62 silly currentTree +-- is-posix-bracket@0.1.1
62 silly currentTree +-- is-primitive@2.0.0
62 silly currentTree +-- is-redirect@1.0.0
62 silly currentTree +-- is-relative@0.2.1
62 silly currentTree +-- is-retry-allowed@1.1.0
62 silly currentTree +-- is-stream@1.1.0
62 silly currentTree +-- is-svg@2.1.0
62 silly currentTree +-- is-tar@1.0.0
62 silly currentTree +-- is-unc-path@0.1.2
62 silly currentTree +-- is-url@1.2.2
62 silly currentTree +-- is-utf8@0.2.1
62 silly currentTree +-- is-valid-glob@0.3.0
62 silly currentTree +-- is-windows@0.2.0
62 silly currentTree +-- is-zip@1.0.0
62 silly currentTree +-- isarray@0.0.1
62 silly currentTree +-- isexe@1.1.2
62 silly currentTree +-- isobject@2.1.0
62 silly currentTree | `-- isarray@1.0.0
62 silly currentTree +-- jpegtran-bin@3.2.0
62 silly currentTree +-- js-base64@2.1.9
62 silly currentTree +-- js-tokens@2.0.0
62 silly currentTree +-- js-yaml@3.6.1
62 silly currentTree +-- jsesc@0.5.0
62 silly currentTree +-- json-stable-stringify@1.0.1
62 silly currentTree +-- json5@0.5.1
62 silly currentTree +-- jsonify@0.0.0
62 silly currentTree +-- kind-of@3.1.0
62 silly currentTree +-- lazy-cache@1.0.4
62 silly currentTree +-- lazy-req@1.1.0
62 silly currentTree +-- lazystream@1.0.0
62 silly currentTree | +-- isarray@1.0.0
62 silly currentTree | `-- readable-stream@2.2.2
62 silly currentTree +-- liftoff@2.3.0
62 silly currentTree +-- livereload-js@2.2.2
62 silly currentTree +-- load-json-file@1.1.0
62 silly currentTree | +-- graceful-fs@4.1.11
62 silly currentTree | `-- strip-bom@2.0.0
62 silly currentTree +-- lodash._baseassign@3.2.0
62 silly currentTree +-- lodash._basecopy@3.0.1
62 silly currentTree +-- lodash._basetostring@3.0.1
62 silly currentTree +-- lodash._basevalues@3.0.0
62 silly currentTree +-- lodash._bindcallback@3.0.1
62 silly currentTree +-- lodash._createassigner@3.1.1
62 silly currentTree +-- lodash._getnative@3.9.1
62 silly currentTree +-- lodash._isiterateecall@3.0.9
62 silly currentTree +-- lodash._reescape@3.0.0
62 silly currentTree +-- lodash._reevaluate@3.0.0
62 silly currentTree +-- lodash._reinterpolate@3.0.0
62 silly currentTree +-- lodash._root@3.0.1
62 silly currentTree +-- lodash.assign@3.2.0
62 silly currentTree +-- lodash.assignwith@4.2.0
62 silly currentTree +-- lodash.escape@3.2.0
62 silly currentTree +-- lodash.isarguments@3.1.0
62 silly currentTree +-- lodash.isarray@3.0.4
62 silly currentTree +-- lodash.isempty@4.4.0
62 silly currentTree +-- lodash.isequal@4.4.0
62 silly currentTree +-- lodash.isplainobject@4.0.6
62 silly currentTree +-- lodash.isstring@4.0.1
62 silly currentTree +-- lodash.keys@3.1.2
62 silly currentTree +-- lodash.mapvalues@4.6.0
62 silly currentTree +-- lodash.pick@4.4.0
62 silly currentTree +-- lodash.restparam@3.6.1
62 silly currentTree +-- lodash.template@3.6.2
62 silly currentTree +-- lodash.templatesettings@3.1.1
62 silly currentTree +-- lodash@4.17.4
62 silly currentTree +-- logalot@2.1.0
62 silly currentTree +-- longest@1.0.1
62 silly currentTree +-- loose-envify@1.3.0
62 silly currentTree +-- loud-rejection@1.6.0
62 silly currentTree +-- lowercase-keys@1.0.0
62 silly currentTree +-- lpad-align@1.1.0
62 silly currentTree +-- lpad@2.0.1
62 silly currentTree +-- lru-cache@2.7.3
62 silly currentTree +-- make-error-cause@1.2.2
62 silly currentTree +-- make-error@1.2.1
62 silly currentTree +-- map-cache@0.2.2
62 silly currentTree +-- map-obj@1.0.1
62 silly currentTree +-- map-stream@0.1.0
62 silly currentTree +-- media-typer@0.3.0
62 silly currentTree +-- meow@3.7.0
62 silly currentTree | `-- object-assign@4.1.0
62 silly currentTree +-- merge-stream@1.0.1
62 silly currentTree | +-- isarray@1.0.0
62 silly currentTree | `-- readable-stream@2.2.2
62 silly currentTree +-- micromatch@2.3.11
62 silly currentTree +-- mime-db@1.25.0
62 silly currentTree +-- mime-types@2.1.13
62 silly currentTree +-- mime@1.3.4
62 silly currentTree +-- mini-lr@0.1.9
62 silly currentTree +-- minimatch@2.0.10
62 silly currentTree +-- minimist@1.2.0
62 silly currentTree +-- mkdirp@0.5.1
62 silly currentTree | `-- minimist@0.0.8
62 silly currentTree +-- ms@0.7.2
62 silly currentTree +-- multipipe@0.1.2
62 silly currentTree +-- natives@1.1.0
62 silly currentTree +-- new-from@0.0.3
62 silly currentTree +-- node-status-codes@1.0.0
62 silly currentTree +-- normalize-package-data@2.3.5
62 silly currentTree +-- normalize-path@2.0.1
62 silly currentTree +-- normalize-range@0.1.2
62 silly currentTree +-- npm-run-path@2.0.2
62 silly currentTree +-- nsdeclare@0.1.0
62 silly currentTree +-- num2fraction@1.2.2
62 silly currentTree +-- number-is-nan@1.0.1
62 silly currentTree +-- object-assign@3.0.0
62 silly currentTree +-- object-keys@0.4.0
62 silly currentTree +-- object.omit@2.0.1
62 silly currentTree +-- on-finished@2.3.0
62 silly currentTree +-- once@1.3.3
62 silly currentTree +-- onetime@1.1.0
62 silly currentTree +-- optipng-bin@3.1.2
62 silly currentTree +-- orchestrator@0.3.8
62 silly currentTree +-- ordered-read-streams@0.1.0
62 silly currentTree +-- os-filter-obj@1.0.3
62 silly currentTree +-- os-homedir@1.0.2
62 silly currentTree +-- os-tmpdir@1.0.2
62 silly currentTree +-- p-finally@1.0.0
62 silly currentTree +-- parse-filepath@1.0.1
62 silly currentTree +-- parse-glob@3.0.4
62 silly currentTree +-- parse-json@2.2.0
62 silly currentTree +-- parse-passwd@1.0.0
62 silly currentTree +-- parseurl@1.3.1
62 silly currentTree +-- path-dirname@1.0.2
62 silly currentTree +-- path-exists@2.1.0
62 silly currentTree +-- path-is-absolute@1.0.1
62 silly currentTree +-- path-key@2.0.1
62 silly currentTree +-- path-root-regex@0.1.2
62 silly currentTree +-- path-root@0.1.1
62 silly currentTree +-- path-type@1.1.0
62 silly currentTree | `-- graceful-fs@4.1.11
62 silly currentTree +-- pause-stream@0.0.11
62 silly currentTree +-- pend@1.2.0
62 silly currentTree +-- pify@2.3.0
62 silly currentTree +-- pinkie-promise@2.0.1
62 silly currentTree +-- pinkie@2.0.4
62 silly currentTree +-- plur@2.1.2
62 silly currentTree +-- pngquant-bin@3.1.1
62 silly currentTree +-- postcss-value-parser@3.3.0
62 silly currentTree +-- postcss@5.2.8
62 silly currentTree | +-- ansi-regex@2.0.0
62 silly currentTree | +-- ansi-styles@2.2.1
62 silly currentTree | +-- chalk@1.1.3
62 silly currentTree | | `-- supports-color@2.0.0
62 silly currentTree | +-- has-ansi@2.0.0
62 silly currentTree | +-- strip-ansi@3.0.1
62 silly currentTree | `-- supports-color@3.1.2
62 silly currentTree +-- prepend-http@1.0.4
62 silly currentTree +-- preserve@0.2.0
62 silly currentTree +-- pretty-bytes@2.0.1
62 silly currentTree +-- pretty-hrtime@1.0.3
62 silly currentTree +-- private@0.1.6
62 silly currentTree +-- process-nextick-args@1.0.7
62 silly currentTree +-- promise.pipe@3.0.0
62 silly currentTree +-- pseudomap@1.0.2
62 silly currentTree +-- q@1.4.1
62 silly currentTree +-- qs@2.2.5
62 silly currentTree +-- randomatic@1.1.6
62 silly currentTree +-- raw-body@2.1.7
62 silly currentTree | `-- bytes@2.4.0
62 silly currentTree +-- rc@1.1.6
62 silly currentTree +-- read-all-stream@3.1.0
62 silly currentTree | +-- isarray@1.0.0
62 silly currentTree | `-- readable-stream@2.2.2
62 silly currentTree +-- read-pkg-up@1.0.1
62 silly currentTree +-- read-pkg@1.1.0
62 silly currentTree +-- readable-stream@1.1.14
62 silly currentTree +-- rechoir@0.6.2
62 silly currentTree +-- redent@1.0.0
62 silly currentTree +-- regenerate@1.3.2
62 silly currentTree +-- regenerator-runtime@0.10.1
62 silly currentTree +-- regenerator-transform@0.9.8
62 silly currentTree +-- regex-cache@0.4.3
62 silly currentTree +-- regexpu-core@2.0.0
62 silly currentTree +-- regjsgen@0.2.0
62 silly currentTree +-- regjsparser@0.1.5
62 silly currentTree +-- remove-trailing-separator@1.0.1
62 silly currentTree +-- repeat-element@1.1.2
62 silly currentTree +-- repeat-string@1.6.1
62 silly currentTree +-- repeating@2.0.1
62 silly currentTree +-- replace-ext@0.0.1
62 silly currentTree +-- resolve-dir@0.1.1
62 silly currentTree +-- resolve@1.2.0
62 silly currentTree +-- right-align@0.1.3
62 silly currentTree +-- rimraf@2.5.4
62 silly currentTree | +-- glob@7.1.1
62 silly currentTree | `-- minimatch@3.0.3
62 silly currentTree +-- sax@1.2.1
62 silly currentTree +-- seek-bzip@1.0.5
62 silly currentTree | `-- commander@2.8.1
62 silly currentTree +-- semver-regex@1.0.0
62 silly currentTree +-- semver-truncate@1.1.2
62 silly currentTree | `-- semver@5.3.0
62 silly currentTree +-- semver@4.3.6
62 silly currentTree +-- sequencify@0.0.7
62 silly currentTree +-- set-immediate-shim@1.0.1
62 silly currentTree +-- sigmund@1.0.1
62 silly currentTree +-- signal-exit@3.0.2
62 silly currentTree +-- slash@1.0.0
62 silly currentTree +-- source-map-support@0.4.8
62 silly currentTree +-- source-map@0.5.6
62 silly currentTree +-- sparkles@1.0.0
62 silly currentTree +-- spdx-correct@1.0.2
62 silly currentTree +-- spdx-expression-parse@1.0.4
62 silly currentTree +-- spdx-license-ids@1.2.2
62 silly currentTree +-- split@0.3.3
62 silly currentTree +-- sprintf-js@1.0.3
62 silly currentTree +-- squeak@1.3.0
62 silly currentTree | +-- ansi-regex@2.0.0
62 silly currentTree | +-- ansi-styles@2.2.1
62 silly currentTree | +-- chalk@1.1.3
62 silly currentTree | +-- has-ansi@2.0.0
62 silly currentTree | +-- strip-ansi@3.0.1
62 silly currentTree | `-- supports-color@2.0.0
62 silly currentTree +-- stat-mode@0.2.2
62 silly currentTree +-- static-server@2.0.3
62 silly currentTree +-- statuses@1.3.1
62 silly currentTree +-- stream-combiner@0.0.4
62 silly currentTree +-- stream-combiner2@1.1.1
62 silly currentTree | +-- duplexer2@0.1.4
62 silly currentTree | +-- isarray@1.0.0
62 silly currentTree | `-- readable-stream@2.2.2
62 silly currentTree +-- stream-consume@0.1.0
62 silly currentTree +-- stream-shift@1.0.0
62 silly currentTree +-- string_decoder@0.10.31
62 silly currentTree +-- strip-ansi@0.3.0
62 silly currentTree +-- strip-bom-stream@1.0.0
62 silly currentTree | `-- strip-bom@2.0.0
62 silly currentTree +-- strip-bom@1.0.0
62 silly currentTree +-- strip-dirs@1.1.1
62 silly currentTree | +-- ansi-regex@2.0.0
62 silly currentTree | +-- ansi-styles@2.2.1
62 silly currentTree | +-- chalk@1.1.3
62 silly currentTree | +-- has-ansi@2.0.0
62 silly currentTree | +-- is-absolute@0.1.7
62 silly currentTree | +-- is-relative@0.1.3
62 silly currentTree | +-- strip-ansi@3.0.1
62 silly currentTree | `-- supports-color@2.0.0
62 silly currentTree +-- strip-eof@1.0.0
62 silly currentTree +-- strip-indent@1.0.1
62 silly currentTree +-- strip-json-comments@1.0.4
62 silly currentTree +-- strip-outer@1.0.0
62 silly currentTree +-- sum-up@1.0.3
62 silly currentTree | +-- ansi-regex@2.0.0
62 silly currentTree | +-- ansi-styles@2.2.1
62 silly currentTree | +-- chalk@1.1.3
62 silly currentTree | +-- has-ansi@2.0.0
62 silly currentTree | +-- strip-ansi@3.0.1
62 silly currentTree | `-- supports-color@2.0.0
62 silly currentTree +-- supports-color@0.2.0
62 silly currentTree +-- svgo@0.7.1
62 silly currentTree +-- tar-stream@1.5.2
62 silly currentTree | +-- end-of-stream@1.1.0
62 silly currentTree | +-- isarray@1.0.0
62 silly currentTree | `-- readable-stream@2.2.2
62 silly currentTree +-- tempfile@1.1.1
62 silly currentTree +-- through@2.3.8
62 silly currentTree +-- through2-concurrent@1.1.1
62 silly currentTree +-- through2-filter@2.0.0
62 silly currentTree +-- through2@2.0.3
62 silly currentTree | +-- isarray@1.0.0
62 silly currentTree | `-- readable-stream@2.2.2
62 silly currentTree +-- tildify@1.2.0
62 silly currentTree +-- time-stamp@1.0.1
62 silly currentTree +-- timed-out@3.1.3
62 silly currentTree +-- to-absolute-glob@0.1.1
62 silly currentTree +-- to-fast-properties@1.0.2
62 silly currentTree +-- trim-newlines@1.0.0
62 silly currentTree +-- trim-repeated@1.0.0
62 silly currentTree +-- tunnel-agent@0.4.3
62 silly currentTree +-- type-is@1.6.14
62 silly currentTree +-- typedarray@0.0.6
62 silly currentTree +-- uglify-js@2.7.0
62 silly currentTree +-- uglify-save-license@0.4.1
62 silly currentTree +-- uglify-to-browserify@1.0.2
62 silly currentTree +-- unc-path-regex@0.1.2
62 silly currentTree +-- unique-stream@1.0.0
62 silly currentTree +-- unpipe@1.0.0
62 silly currentTree +-- unzip-response@1.0.2
62 silly currentTree +-- url-parse-lax@1.0.0
62 silly currentTree +-- url-regex@3.2.0
62 silly currentTree +-- user-home@1.1.1
62 silly currentTree +-- util-deprecate@1.0.2
62 silly currentTree +-- uuid@2.0.3
62 silly currentTree +-- v8flags@2.0.11
62 silly currentTree +-- vali-date@1.0.0
62 silly currentTree +-- validate-npm-package-license@3.0.1
62 silly currentTree +-- vinyl-assign@1.2.1
62 silly currentTree | +-- isarray@1.0.0
62 silly currentTree | +-- object-assign@4.1.0
62 silly currentTree | `-- readable-stream@2.2.2
62 silly currentTree +-- vinyl-bufferstream@1.0.1
62 silly currentTree +-- vinyl-fs@0.3.14
62 silly currentTree | +-- clone@0.2.0
62 silly currentTree | +-- readable-stream@1.0.34
62 silly currentTree | +-- through2@0.6.5
62 silly currentTree | `-- vinyl@0.4.6
62 silly currentTree +-- vinyl-map@1.0.2
62 silly currentTree | +-- readable-stream@1.0.34
62 silly currentTree | +-- through2@0.4.2
62 silly currentTree | `-- xtend@2.1.2
62 silly currentTree +-- vinyl-sourcemaps-apply@0.2.1
62 silly currentTree +-- vinyl@0.5.3
62 silly currentTree +-- ware@1.3.0
62 silly currentTree +-- websocket-driver@0.6.5
62 silly currentTree +-- websocket-extensions@0.1.1
62 silly currentTree +-- whet.extend@0.9.9
62 silly currentTree +-- which@1.2.12
62 silly currentTree +-- window-size@0.1.0
62 silly currentTree +-- wordwrap@0.0.2
62 silly currentTree +-- wrap-fn@0.1.5
62 silly currentTree +-- wrappy@1.0.2
62 silly currentTree +-- xtend@4.0.1
62 silly currentTree +-- yallist@2.0.0
62 silly currentTree +-- yargs@3.10.0
62 silly currentTree `-- yauzl@2.7.0
63 silly idealTree gulp-website@1.0.0
63 silly idealTree +-- align-text@0.1.4
63 silly idealTree +-- amdefine@1.0.1
63 silly idealTree +-- ansi-regex@0.2.1
63 silly idealTree +-- ansi-styles@1.1.0
63 silly idealTree +-- archive-type@3.2.0
63 silly idealTree +-- archy@1.0.0
63 silly idealTree +-- argparse@1.0.9
63 silly idealTree +-- arr-diff@2.0.0
63 silly idealTree +-- arr-flatten@1.0.1
63 silly idealTree +-- array-differ@1.0.0
63 silly idealTree +-- array-find-index@1.0.2
63 silly idealTree +-- array-union@1.0.2
63 silly idealTree +-- array-uniq@1.0.3
63 silly idealTree +-- array-unique@0.2.1
63 silly idealTree +-- arrify@1.0.1
63 silly idealTree +-- async-each-series@1.1.0
63 silly idealTree +-- async@0.2.10
63 silly idealTree +-- autoprefixer@6.6.1
63 silly idealTree +-- babel-code-frame@6.20.0
63 silly idealTree | +-- ansi-regex@2.0.0
63 silly idealTree | +-- ansi-styles@2.2.1
63 silly idealTree | +-- chalk@1.1.3
63 silly idealTree | +-- has-ansi@2.0.0
63 silly idealTree | +-- strip-ansi@3.0.1
63 silly idealTree | `-- supports-color@2.0.0
63 silly idealTree +-- babel-core@6.21.0
63 silly idealTree | `-- minimatch@3.0.3
63 silly idealTree +-- babel-generator@6.21.0
63 silly idealTree | `-- jsesc@1.3.0
63 silly idealTree +-- babel-helper-call-delegate@6.18.0
63 silly idealTree +-- babel-helper-define-map@6.18.0
63 silly idealTree +-- babel-helper-function-name@6.18.0
63 silly idealTree +-- babel-helper-get-function-arity@6.18.0
63 silly idealTree +-- babel-helper-hoist-variables@6.18.0
63 silly idealTree +-- babel-helper-optimise-call-expression@6.18.0
63 silly idealTree +-- babel-helper-regex@6.18.0
63 silly idealTree +-- babel-helper-replace-supers@6.18.0
63 silly idealTree +-- babel-helpers@6.16.0
63 silly idealTree +-- babel-messages@6.8.0
63 silly idealTree +-- babel-plugin-check-es2015-constants@6.8.0
63 silly idealTree +-- babel-plugin-transform-es2015-arrow-functions@6.8.0
63 silly idealTree +-- babel-plugin-transform-es2015-block-scoped-functions@6.8.0
63 silly idealTree +-- babel-plugin-transform-es2015-block-scoping@6.21.0
63 silly idealTree +-- babel-plugin-transform-es2015-classes@6.18.0
63 silly idealTree +-- babel-plugin-transform-es2015-computed-properties@6.8.0
63 silly idealTree +-- babel-plugin-transform-es2015-destructuring@6.19.0
63 silly idealTree +-- babel-plugin-transform-es2015-duplicate-keys@6.8.0
63 silly idealTree +-- babel-plugin-transform-es2015-for-of@6.18.0
63 silly idealTree +-- babel-plugin-transform-es2015-function-name@6.9.0
63 silly idealTree +-- babel-plugin-transform-es2015-literals@6.8.0
63 silly idealTree +-- babel-plugin-transform-es2015-modules-amd@6.18.0
63 silly idealTree +-- babel-plugin-transform-es2015-modules-commonjs@6.18.0
63 silly idealTree +-- babel-plugin-transform-es2015-modules-systemjs@6.19.0
63 silly idealTree +-- babel-plugin-transform-es2015-modules-umd@6.18.0
63 silly idealTree +-- babel-plugin-transform-es2015-object-super@6.8.0
63 silly idealTree +-- babel-plugin-transform-es2015-parameters@6.21.0
63 silly idealTree +-- babel-plugin-transform-es2015-shorthand-properties@6.18.0
63 silly idealTree +-- babel-plugin-transform-es2015-spread@6.8.0
63 silly idealTree +-- babel-plugin-transform-es2015-sticky-regex@6.8.0
63 silly idealTree +-- babel-plugin-transform-es2015-template-literals@6.8.0
63 silly idealTree +-- babel-plugin-transform-es2015-typeof-symbol@6.18.0
63 silly idealTree +-- babel-plugin-transform-es2015-unicode-regex@6.11.0
63 silly idealTree +-- babel-plugin-transform-regenerator@6.21.0
63 silly idealTree +-- babel-plugin-transform-strict-mode@6.18.0
63 silly idealTree +-- babel-preset-es2015@6.18.0
63 silly idealTree +-- babel-register@6.18.0
63 silly idealTree +-- babel-runtime@6.20.0
63 silly idealTree +-- babel-template@6.16.0
63 silly idealTree +-- babel-traverse@6.21.0
63 silly idealTree +-- babel-types@6.21.0
63 silly idealTree +-- babylon@6.14.1
63 silly idealTree +-- balanced-match@0.4.2
63 silly idealTree +-- beeper@1.1.1
63 silly idealTree +-- bin-build@2.2.0
63 silly idealTree +-- bin-check@2.0.0
63 silly idealTree +-- bin-version-check@2.1.0
63 silly idealTree +-- bin-version@1.0.4
63 silly idealTree +-- bin-wrapper@3.0.2
63 silly idealTree +-- bl@1.2.0
63 silly idealTree | +-- isarray@1.0.0
63 silly idealTree | `-- readable-stream@2.2.2
63 silly idealTree +-- body-parser@1.14.2
63 silly idealTree | +-- debug@2.2.0
63 silly idealTree | +-- ms@0.7.1
63 silly idealTree | `-- qs@5.2.0
63 silly idealTree +-- brace-expansion@1.1.6
63 silly idealTree +-- braces@1.8.5
63 silly idealTree +-- browserslist@1.5.2
63 silly idealTree +-- buffer-crc32@0.2.13
63 silly idealTree +-- buffer-shims@1.0.0
63 silly idealTree +-- buffer-to-vinyl@1.1.0
63 silly idealTree | +-- isarray@1.0.0
63 silly idealTree | +-- readable-stream@2.2.2
63 silly idealTree | `-- vinyl@1.2.0
63 silly idealTree +-- bufferstreams@1.0.1
63 silly idealTree +-- builtin-modules@1.1.1
63 silly idealTree +-- bytes@2.2.0
63 silly idealTree +-- camelcase-keys@2.1.0
63 silly idealTree | `-- camelcase@2.1.1
63 silly idealTree +-- camelcase@1.2.1
63 silly idealTree +-- caniuse-db@1.0.30000604
63 silly idealTree +-- capture-stack-trace@1.0.0
63 silly idealTree +-- caw@1.2.0
63 silly idealTree +-- center-align@0.1.3
63 silly idealTree +-- chalk@0.5.1
63 silly idealTree +-- clap@1.1.2
63 silly idealTree | +-- ansi-regex@2.0.0
63 silly idealTree | +-- ansi-styles@2.2.1
63 silly idealTree | +-- chalk@1.1.3
63 silly idealTree | +-- has-ansi@2.0.0
63 silly idealTree | +-- strip-ansi@3.0.1
63 silly idealTree | `-- supports-color@2.0.0
63 silly idealTree +-- clean-css@3.4.23
63 silly idealTree | +-- commander@2.8.1
63 silly idealTree | `-- source-map@0.4.4
63 silly idealTree +-- cliui@2.1.0
63 silly idealTree +-- clone-buffer@1.0.0
63 silly idealTree +-- clone-stats@0.0.1
63 silly idealTree +-- clone@1.0.2
63 silly idealTree +-- cloneable-readable@1.0.0
63 silly idealTree +-- co@3.1.0
63 silly idealTree +-- coa@1.0.1
63 silly idealTree +-- colors@1.1.2
63 silly idealTree +-- commander@2.9.0
63 silly idealTree +-- concat-map@0.0.1
63 silly idealTree +-- concat-stream@1.6.0
63 silly idealTree | +-- isarray@1.0.0
63 silly idealTree | `-- readable-stream@2.2.2
63 silly idealTree +-- concat-with-sourcemaps@1.0.4
63 silly idealTree +-- console-stream@0.1.1
63 silly idealTree +-- content-type@1.0.2
63 silly idealTree +-- convert-source-map@1.3.0
63 silly idealTree +-- core-js@2.4.1
63 silly idealTree +-- core-util-is@1.0.2
63 silly idealTree +-- create-error-class@3.0.2
63 silly idealTree +-- cross-spawn@4.0.2
63 silly idealTree | `-- lru-cache@4.0.2
63 silly idealTree +-- csso@2.2.1
63 silly idealTree +-- currently-unhandled@0.4.1
63 silly idealTree +-- dateformat@2.0.0
63 silly idealTree +-- debug@2.6.0
63 silly idealTree +-- decamelize@1.2.0
63 silly idealTree +-- decompress-tar@3.1.0
63 silly idealTree | +-- clone@0.2.0
63 silly idealTree | +-- object-assign@2.1.1
63 silly idealTree | +-- readable-stream@1.0.34
63 silly idealTree | +-- through2@0.6.5
63 silly idealTree | `-- vinyl@0.4.6
63 silly idealTree +-- decompress-tarbz2@3.1.0
63 silly idealTree | +-- clone@0.2.0
63 silly idealTree | +-- object-assign@2.1.1
63 silly idealTree | +-- readable-stream@1.0.34
63 silly idealTree | +-- through2@0.6.5
63 silly idealTree | `-- vinyl@0.4.6
63 silly idealTree +-- decompress-targz@3.1.0
63 silly idealTree | +-- clone@0.2.0
63 silly idealTree | +-- object-assign@2.1.1
63 silly idealTree | +-- readable-stream@1.0.34
63 silly idealTree | +-- through2@0.6.5
63 silly idealTree | `-- vinyl@0.4.6
63 silly idealTree +-- decompress-unzip@3.4.0
63 silly idealTree | `-- vinyl@1.2.0
63 silly idealTree +-- decompress@3.0.0
63 silly idealTree | +-- glob-parent@3.1.0
63 silly idealTree | +-- glob-stream@5.3.5
63 silly idealTree | | +-- isarray@0.0.1
63 silly idealTree | | +-- readable-stream@1.0.34
63 silly idealTree | | `-- through2@0.6.5
63 silly idealTree | +-- glob@5.0.15
63 silly idealTree | +-- graceful-fs@4.1.11
63 silly idealTree | +-- is-extglob@2.1.1
63 silly idealTree | +-- is-glob@3.1.0
63 silly idealTree | +-- isarray@1.0.0
63 silly idealTree | +-- object-assign@4.1.0
63 silly idealTree | +-- ordered-read-streams@0.3.0
63 silly idealTree | +-- readable-stream@2.2.2
63 silly idealTree | +-- strip-bom@2.0.0
63 silly idealTree | +-- unique-stream@2.2.1
63 silly idealTree | +-- vinyl-fs@2.4.4
63 silly idealTree | `-- vinyl@1.2.0
63 silly idealTree +-- deep-extend@0.4.1
63 silly idealTree +-- defaults@1.0.3
63 silly idealTree +-- depd@1.1.0
63 silly idealTree +-- deprecated@0.0.1
63 silly idealTree +-- detect-file@0.1.0
63 silly idealTree +-- detect-indent@4.0.0
63 silly idealTree +-- download@4.4.3
63 silly idealTree | +-- glob-parent@3.1.0
63 silly idealTree | +-- glob-stream@5.3.5
63 silly idealTree | | +-- isarray@0.0.1
63 silly idealTree | | +-- readable-stream@1.0.34
63 silly idealTree | | `-- through2@0.6.5
63 silly idealTree | +-- glob@5.0.15
63 silly idealTree | +-- graceful-fs@4.1.11
63 silly idealTree | +-- is-extglob@2.1.1
63 silly idealTree | +-- is-glob@3.1.0
63 silly idealTree | +-- isarray@1.0.0
63 silly idealTree | +-- object-assign@4.1.0
63 silly idealTree | +-- ordered-read-streams@0.3.0
63 silly idealTree | +-- readable-stream@2.2.2
63 silly idealTree | +-- strip-bom@2.0.0
63 silly idealTree | +-- unique-stream@2.2.1
63 silly idealTree | +-- vinyl-fs@2.4.4
63 silly idealTree | `-- vinyl@1.2.0
63 silly idealTree +-- duplexer@0.1.1
63 silly idealTree +-- duplexer2@0.0.2
63 silly idealTree +-- duplexify@3.5.0
63 silly idealTree | +-- end-of-stream@1.0.0
63 silly idealTree | +-- isarray@1.0.0
63 silly idealTree | `-- readable-stream@2.2.2
63 silly idealTree +-- each-async@1.1.1
63 silly idealTree +-- ee-first@1.1.1
63 silly idealTree +-- end-of-stream@0.1.5
63 silly idealTree +-- error-ex@1.3.0
63 silly idealTree +-- escape-string-regexp@1.0.5
63 silly idealTree +-- esprima@2.7.3
63 silly idealTree +-- esutils@2.0.2
63 silly idealTree +-- event-stream@3.3.4
63 silly idealTree +-- exec-buffer@3.1.0
63 silly idealTree +-- exec-series@1.0.3
63 silly idealTree | `-- object-assign@4.1.0
63 silly idealTree +-- execa@0.5.0
63 silly idealTree +-- executable@1.1.0
63 silly idealTree +-- expand-brackets@0.1.5
63 silly idealTree +-- expand-range@1.8.2
63 silly idealTree +-- expand-tilde@1.2.2
63 silly idealTree +-- extend-shallow@2.0.1
63 silly idealTree +-- extend@3.0.0
63 silly idealTree +-- extglob@0.3.2
63 silly idealTree +-- fancy-log@1.3.0
63 silly idealTree | +-- ansi-regex@2.0.0
63 silly idealTree | +-- ansi-styles@2.2.1
63 silly idealTree | +-- chalk@1.1.3
63 silly idealTree | +-- has-ansi@2.0.0
63 silly idealTree | +-- strip-ansi@3.0.1
63 silly idealTree | `-- supports-color@2.0.0
63 silly idealTree +-- faye-websocket@0.7.3
63 silly idealTree +-- fd-slicer@1.0.1
63 silly idealTree +-- figures@1.7.0
63 silly idealTree | `-- object-assign@4.1.0
63 silly idealTree +-- file-size@0.0.5
63 silly idealTree +-- file-type@3.9.0
63 silly idealTree +-- filename-regex@2.0.0
63 silly idealTree +-- filename-reserved-regex@1.0.0
63 silly idealTree +-- filenamify@1.2.1
63 silly idealTree +-- fill-range@2.2.3
63 silly idealTree +-- find-index@0.1.1
63 silly idealTree +-- find-up@1.1.2
63 silly idealTree +-- find-versions@1.2.1
63 silly idealTree +-- findup-sync@0.4.3
63 silly idealTree +-- fined@1.0.2
63 silly idealTree +-- first-chunk-stream@1.0.0
63 silly idealTree +-- flagged-respawn@0.3.2
63 silly idealTree +-- for-in@0.1.6
63 silly idealTree +-- for-own@0.1.4
63 silly idealTree +-- from@0.1.3
63 silly idealTree +-- fs-exists-sync@0.1.0
63 silly idealTree +-- fs.realpath@1.0.0
63 silly idealTree +-- gaze@0.5.2
63 silly idealTree +-- get-proxy@1.1.0
63 silly idealTree +-- get-stdin@4.0.1
63 silly idealTree +-- get-stream@2.3.1
63 silly idealTree | `-- object-assign@4.1.0
63 silly idealTree +-- gifsicle@3.0.4
63 silly idealTree +-- glob-base@0.3.0
63 silly idealTree +-- glob-parent@2.0.0
63 silly idealTree +-- glob-stream@3.1.18
63 silly idealTree | +-- readable-stream@1.0.34
63 silly idealTree | `-- through2@0.6.5
63 silly idealTree +-- glob-watcher@0.0.6
63 silly idealTree +-- glob@4.5.3
63 silly idealTree +-- glob2base@0.0.12
63 silly idealTree +-- global-modules@0.2.3
63 silly idealTree +-- global-prefix@0.1.5
63 silly idealTree +-- globals@9.14.0
63 silly idealTree +-- globby@5.0.0
63 silly idealTree | +-- glob@7.1.1
63 silly idealTree | +-- minimatch@3.0.3
63 silly idealTree | `-- object-assign@4.1.0
63 silly idealTree +-- globule@0.1.0
63 silly idealTree | +-- glob@3.1.21
63 silly idealTree | +-- graceful-fs@1.2.3
63 silly idealTree | +-- inherits@1.0.2
63 silly idealTree | +-- lodash@1.0.2
63 silly idealTree | `-- minimatch@0.2.14
63 silly idealTree +-- glogg@1.0.0
63 silly idealTree +-- got@5.7.1
63 silly idealTree | +-- duplexer2@0.1.4
63 silly idealTree | +-- isarray@1.0.0
63 silly idealTree | +-- object-assign@4.1.0
63 silly idealTree | `-- readable-stream@2.2.2
63 silly idealTree +-- graceful-fs@3.0.11
63 silly idealTree +-- graceful-readlink@1.0.1
63 silly idealTree +-- gulp-autoprefixer@3.1.1
63 silly idealTree +-- gulp-babel@6.1.2
63 silly idealTree | `-- object-assign@4.1.0
63 silly idealTree +-- gulp-concat@2.6.1
63 silly idealTree | +-- clone-stats@1.0.0
63 silly idealTree | +-- replace-ext@1.0.0
63 silly idealTree | `-- vinyl@2.0.1
63 silly idealTree +-- gulp-declare@0.3.0
63 silly idealTree +-- gulp-decompress@1.2.0
63 silly idealTree | +-- isarray@1.0.0
63 silly idealTree | `-- readable-stream@2.2.2
63 silly idealTree +-- gulp-imagemin@3.0.1
63 silly idealTree | +-- ansi-regex@2.0.0
63 silly idealTree | +-- ansi-styles@2.2.1
63 silly idealTree | +-- chalk@1.1.3
63 silly idealTree | +-- has-ansi@2.0.0
63 silly idealTree | +-- strip-ansi@3.0.1
63 silly idealTree | `-- supports-color@2.0.0
63 silly idealTree +-- gulp-livereload@3.8.1
63 silly idealTree +-- gulp-minify-css@1.2.4
63 silly idealTree | +-- isarray@1.0.0
63 silly idealTree | +-- object-assign@4.1.0
63 silly idealTree | `-- readable-stream@2.2.2
63 silly idealTree +-- gulp-rename@1.2.2
63 silly idealTree +-- gulp-sourcemaps@1.6.0
63 silly idealTree | +-- graceful-fs@4.1.11
63 silly idealTree | +-- strip-bom@2.0.0
63 silly idealTree | `-- vinyl@1.2.0
63 silly idealTree +-- gulp-uglify@2.0.0
63 silly idealTree +-- gulp-util@3.0.8
63 silly idealTree | +-- ansi-regex@2.0.0
63 silly idealTree | +-- ansi-styles@2.2.1
63 silly idealTree | +-- chalk@1.1.3
63 silly idealTree | +-- has-ansi@2.0.0
63 silly idealTree | +-- strip-ansi@3.0.1
63 silly idealTree | `-- supports-color@2.0.0
63 silly idealTree +-- gulp@3.9.1
63 silly idealTree | +-- ansi-regex@2.0.0
63 silly idealTree | +-- ansi-styles@2.2.1
63 silly idealTree | +-- chalk@1.1.3
63 silly idealTree | +-- has-ansi@2.0.0
63 silly idealTree | +-- strip-ansi@3.0.1
63 silly idealTree | `-- supports-color@2.0.0
63 silly idealTree +-- gulplog@1.0.0
63 silly idealTree +-- has-ansi@0.1.0
63 silly idealTree +-- has-flag@1.0.0
63 silly idealTree +-- has-gulplog@0.1.0
63 silly idealTree +-- home-or-tmp@2.0.0
63 silly idealTree +-- homedir-polyfill@1.0.1
63 silly idealTree +-- hosted-git-info@2.1.5
63 silly idealTree +-- html-comment-regex@1.1.1
63 silly idealTree +-- http-errors@1.3.1
63 silly idealTree +-- iconv-lite@0.4.13
63 silly idealTree +-- imagemin-gifsicle@5.1.0
63 silly idealTree +-- imagemin-jpegtran@5.0.2
63 silly idealTree +-- imagemin-optipng@5.2.1
63 silly idealTree +-- imagemin-pngquant@5.0.0
63 silly idealTree +-- imagemin-svgo@5.2.0
63 silly idealTree +-- imagemin@5.2.2
63 silly idealTree +-- indent-string@2.1.0
63 silly idealTree +-- inflight@1.0.6
63 silly idealTree +-- inherits@2.0.3
63 silly idealTree +-- ini@1.3.4
63 silly idealTree +-- interpret@1.0.1
63 silly idealTree +-- invariant@2.2.2
63 silly idealTree +-- ip-regex@1.0.3
63 silly idealTree +-- irregular-plurals@1.2.0
63 silly idealTree +-- is-absolute@0.2.6
63 silly idealTree +-- is-arrayish@0.2.1
63 silly idealTree +-- is-buffer@1.1.4
63 silly idealTree +-- is-builtin-module@1.0.0
63 silly idealTree +-- is-bzip2@1.0.0
63 silly idealTree +-- is-dotfile@1.0.2
63 silly idealTree +-- is-equal-shallow@0.1.3
63 silly idealTree +-- is-extendable@0.1.1
63 silly idealTree +-- is-extglob@1.0.0
63 silly idealTree +-- is-finite@1.0.2
63 silly idealTree +-- is-gif@1.0.0
63 silly idealTree +-- is-glob@2.0.1
63 silly idealTree +-- is-gzip@1.0.0
63 silly idealTree +-- is-jpg@1.0.0
63 silly idealTree +-- is-natural-number@2.1.1
63 silly idealTree +-- is-number@2.1.0
63 silly idealTree +-- is-obj@1.0.1
63 silly idealTree +-- is-png@1.0.0
63 silly idealTree +-- is-posix-bracket@0.1.1
63 silly idealTree +-- is-primitive@2.0.0
63 silly idealTree +-- is-redirect@1.0.0
63 silly idealTree +-- is-relative@0.2.1
63 silly idealTree +-- is-retry-allowed@1.1.0
63 silly idealTree +-- is-stream@1.1.0
63 silly idealTree +-- is-svg@2.1.0
63 silly idealTree +-- is-tar@1.0.0
63 silly idealTree +-- is-unc-path@0.1.2
63 silly idealTree +-- is-url@1.2.2
63 silly idealTree +-- is-utf8@0.2.1
63 silly idealTree +-- is-valid-glob@0.3.0
63 silly idealTree +-- is-windows@0.2.0
63 silly idealTree +-- is-zip@1.0.0
63 silly idealTree +-- isarray@0.0.1
63 silly idealTree +-- isexe@1.1.2
63 silly idealTree +-- isobject@2.1.0
63 silly idealTree | `-- isarray@1.0.0
63 silly idealTree +-- jpeg-recompress-bin@3.0.1
63 silly idealTree +-- jpegtran-bin@3.2.0
63 silly idealTree +-- js-base64@2.1.9
63 silly idealTree +-- js-tokens@2.0.0
63 silly idealTree +-- js-yaml@3.6.1
63 silly idealTree +-- jsesc@0.5.0
63 silly idealTree +-- json-stable-stringify@1.0.1
63 silly idealTree +-- json5@0.5.1
63 silly idealTree +-- jsonify@0.0.0
63 silly idealTree +-- kind-of@3.1.0
63 silly idealTree +-- lazy-cache@1.0.4
63 silly idealTree +-- lazy-req@1.1.0
63 silly idealTree +-- lazystream@1.0.0
63 silly idealTree | +-- isarray@1.0.0
63 silly idealTree | `-- readable-stream@2.2.2
63 silly idealTree +-- liftoff@2.3.0
63 silly idealTree +-- livereload-js@2.2.2
63 silly idealTree +-- load-json-file@1.1.0
63 silly idealTree | +-- graceful-fs@4.1.11
63 silly idealTree | `-- strip-bom@2.0.0
63 silly idealTree +-- lodash._baseassign@3.2.0
63 silly idealTree +-- lodash._basecopy@3.0.1
63 silly idealTree +-- lodash._basetostring@3.0.1
63 silly idealTree +-- lodash._basevalues@3.0.0
63 silly idealTree +-- lodash._bindcallback@3.0.1
63 silly idealTree +-- lodash._createassigner@3.1.1
63 silly idealTree +-- lodash._getnative@3.9.1
63 silly idealTree +-- lodash._isiterateecall@3.0.9
63 silly idealTree +-- lodash._reescape@3.0.0
63 silly idealTree +-- lodash._reevaluate@3.0.0
63 silly idealTree +-- lodash._reinterpolate@3.0.0
63 silly idealTree +-- lodash._root@3.0.1
63 silly idealTree +-- lodash.assign@3.2.0
63 silly idealTree +-- lodash.assignwith@4.2.0
63 silly idealTree +-- lodash.escape@3.2.0
63 silly idealTree +-- lodash.isarguments@3.1.0
63 silly idealTree +-- lodash.isarray@3.0.4
63 silly idealTree +-- lodash.isempty@4.4.0
63 silly idealTree +-- lodash.isequal@4.4.0
63 silly idealTree +-- lodash.isplainobject@4.0.6
63 silly idealTree +-- lodash.isstring@4.0.1
63 silly idealTree +-- lodash.keys@3.1.2
63 silly idealTree +-- lodash.mapvalues@4.6.0
63 silly idealTree +-- lodash.pick@4.4.0
63 silly idealTree +-- lodash.restparam@3.6.1
63 silly idealTree +-- lodash.template@3.6.2
63 silly idealTree +-- lodash.templatesettings@3.1.1
63 silly idealTree +-- lodash@4.17.4
63 silly idealTree +-- logalot@2.1.0
63 silly idealTree +-- longest@1.0.1
63 silly idealTree +-- loose-envify@1.3.0
63 silly idealTree +-- loud-rejection@1.6.0
63 silly idealTree +-- lowercase-keys@1.0.0
63 silly idealTree +-- lpad-align@1.1.0
63 silly idealTree +-- lpad@2.0.1
63 silly idealTree +-- lru-cache@2.7.3
63 silly idealTree +-- make-error-cause@1.2.2
63 silly idealTree +-- make-error@1.2.1
63 silly idealTree +-- map-cache@0.2.2
63 silly idealTree +-- map-obj@1.0.1
63 silly idealTree +-- map-stream@0.1.0
63 silly idealTree +-- media-typer@0.3.0
63 silly idealTree +-- meow@3.7.0
63 silly idealTree | `-- object-assign@4.1.0
63 silly idealTree +-- merge-stream@1.0.1
63 silly idealTree | +-- isarray@1.0.0
63 silly idealTree | `-- readable-stream@2.2.2
63 silly idealTree +-- micromatch@2.3.11
63 silly idealTree +-- mime-db@1.25.0
63 silly idealTree +-- mime-types@2.1.13
63 silly idealTree +-- mime@1.3.4
63 silly idealTree +-- mini-lr@0.1.9
63 silly idealTree +-- minimatch@2.0.10
63 silly idealTree +-- minimist@1.2.0
63 silly idealTree +-- mkdirp@0.5.1
63 silly idealTree | `-- minimist@0.0.8
63 silly idealTree +-- ms@0.7.2
63 silly idealTree +-- multipipe@0.1.2
63 silly idealTree +-- natives@1.1.0
63 silly idealTree +-- new-from@0.0.3
63 silly idealTree +-- node-status-codes@1.0.0
63 silly idealTree +-- normalize-package-data@2.3.5
63 silly idealTree +-- normalize-path@2.0.1
63 silly idealTree +-- normalize-range@0.1.2
63 silly idealTree +-- npm-run-path@2.0.2
63 silly idealTree +-- nsdeclare@0.1.0
63 silly idealTree +-- num2fraction@1.2.2
63 silly idealTree +-- number-is-nan@1.0.1
63 silly idealTree +-- object-assign@3.0.0
63 silly idealTree +-- object-keys@0.4.0
63 silly idealTree +-- object.omit@2.0.1
63 silly idealTree +-- on-finished@2.3.0
63 silly idealTree +-- once@1.3.3
63 silly idealTree +-- onetime@1.1.0
63 silly idealTree +-- optipng-bin@3.1.2
63 silly idealTree +-- orchestrator@0.3.8
63 silly idealTree +-- ordered-read-streams@0.1.0
63 silly idealTree +-- os-filter-obj@1.0.3
63 silly idealTree +-- os-homedir@1.0.2
63 silly idealTree +-- os-tmpdir@1.0.2
63 silly idealTree +-- p-finally@1.0.0
63 silly idealTree +-- parse-filepath@1.0.1
63 silly idealTree +-- parse-glob@3.0.4
63 silly idealTree +-- parse-json@2.2.0
63 silly idealTree +-- parse-passwd@1.0.0
63 silly idealTree +-- parseurl@1.3.1
63 silly idealTree +-- path-dirname@1.0.2
63 silly idealTree +-- path-exists@2.1.0
63 silly idealTree +-- path-is-absolute@1.0.1
63 silly idealTree +-- path-key@2.0.1
63 silly idealTree +-- path-root-regex@0.1.2
63 silly idealTree +-- path-root@0.1.1
63 silly idealTree +-- path-type@1.1.0
63 silly idealTree | `-- graceful-fs@4.1.11
63 silly idealTree +-- pause-stream@0.0.11
63 silly idealTree +-- pend@1.2.0
63 silly idealTree +-- pify@2.3.0
63 silly idealTree +-- pinkie-promise@2.0.1
63 silly idealTree +-- pinkie@2.0.4
63 silly idealTree +-- plur@2.1.2
63 silly idealTree +-- pngquant-bin@3.1.1
63 silly idealTree +-- postcss-value-parser@3.3.0
63 silly idealTree +-- postcss@5.2.8
63 silly idealTree | +-- ansi-regex@2.0.0
63 silly idealTree | +-- ansi-styles@2.2.1
63 silly idealTree | +-- chalk@1.1.3
63 silly idealTree | | `-- supports-color@2.0.0
63 silly idealTree | +-- has-ansi@2.0.0
63 silly idealTree | +-- strip-ansi@3.0.1
63 silly idealTree | `-- supports-color@3.1.2
63 silly idealTree +-- prepend-http@1.0.4
63 silly idealTree +-- preserve@0.2.0
63 silly idealTree +-- pretty-bytes@2.0.1
63 silly idealTree +-- pretty-hrtime@1.0.3
63 silly idealTree +-- private@0.1.6
63 silly idealTree +-- process-nextick-args@1.0.7
63 silly idealTree +-- promise.pipe@3.0.0
63 silly idealTree +-- pseudomap@1.0.2
63 silly idealTree +-- q@1.4.1
63 silly idealTree +-- qs@2.2.5
63 silly idealTree +-- randomatic@1.1.6
63 silly idealTree +-- raw-body@2.1.7
63 silly idealTree | `-- bytes@2.4.0
63 silly idealTree +-- rc@1.1.6
63 silly idealTree +-- read-all-stream@3.1.0
63 silly idealTree | +-- isarray@1.0.0
63 silly idealTree | `-- readable-stream@2.2.2
63 silly idealTree +-- read-pkg-up@1.0.1
63 silly idealTree +-- read-pkg@1.1.0
63 silly idealTree +-- readable-stream@1.1.14
63 silly idealTree +-- rechoir@0.6.2
63 silly idealTree +-- redent@1.0.0
63 silly idealTree +-- regenerate@1.3.2
63 silly idealTree +-- regenerator-runtime@0.10.1
63 silly idealTree +-- regenerator-transform@0.9.8
63 silly idealTree +-- regex-cache@0.4.3
63 silly idealTree +-- regexpu-core@2.0.0
63 silly idealTree +-- regjsgen@0.2.0
63 silly idealTree +-- regjsparser@0.1.5
63 silly idealTree +-- remove-trailing-separator@1.0.1
63 silly idealTree +-- repeat-element@1.1.2
63 silly idealTree +-- repeat-string@1.6.1
63 silly idealTree +-- repeating@2.0.1
63 silly idealTree +-- replace-ext@0.0.1
63 silly idealTree +-- resolve-dir@0.1.1
63 silly idealTree +-- resolve@1.2.0
63 silly idealTree +-- right-align@0.1.3
63 silly idealTree +-- rimraf@2.5.4
63 silly idealTree | +-- glob@7.1.1
63 silly idealTree | `-- minimatch@3.0.3
63 silly idealTree +-- sax@1.2.1
63 silly idealTree +-- seek-bzip@1.0.5
63 silly idealTree | `-- commander@2.8.1
63 silly idealTree +-- semver-regex@1.0.0
63 silly idealTree +-- semver-truncate@1.1.2
63 silly idealTree | `-- semver@5.3.0
63 silly idealTree +-- semver@4.3.6
63 silly idealTree +-- sequencify@0.0.7
63 silly idealTree +-- set-immediate-shim@1.0.1
63 silly idealTree +-- sigmund@1.0.1
63 silly idealTree +-- signal-exit@3.0.2
63 silly idealTree +-- slash@1.0.0
63 silly idealTree +-- source-map-support@0.4.8
63 silly idealTree +-- source-map@0.5.6
63 silly idealTree +-- sparkles@1.0.0
63 silly idealTree +-- spdx-correct@1.0.2
63 silly idealTree +-- spdx-expression-parse@1.0.4
63 silly idealTree +-- spdx-license-ids@1.2.2
63 silly idealTree +-- split@0.3.3
63 silly idealTree +-- sprintf-js@1.0.3
63 silly idealTree +-- squeak@1.3.0
63 silly idealTree | +-- ansi-regex@2.0.0
63 silly idealTree | +-- ansi-styles@2.2.1
63 silly idealTree | +-- chalk@1.1.3
63 silly idealTree | +-- has-ansi@2.0.0
63 silly idealTree | +-- strip-ansi@3.0.1
63 silly idealTree | `-- supports-color@2.0.0
63 silly idealTree +-- stat-mode@0.2.2
63 silly idealTree +-- static-server@2.0.3
63 silly idealTree +-- statuses@1.3.1
63 silly idealTree +-- stream-combiner@0.0.4
63 silly idealTree +-- stream-combiner2@1.1.1
63 silly idealTree | +-- duplexer2@0.1.4
63 silly idealTree | +-- isarray@1.0.0
63 silly idealTree | `-- readable-stream@2.2.2
63 silly idealTree +-- stream-consume@0.1.0
63 silly idealTree +-- stream-shift@1.0.0
63 silly idealTree +-- string_decoder@0.10.31
63 silly idealTree +-- strip-ansi@0.3.0
63 silly idealTree +-- strip-bom-stream@1.0.0
63 silly idealTree | `-- strip-bom@2.0.0
63 silly idealTree +-- strip-bom@1.0.0
63 silly idealTree +-- strip-dirs@1.1.1
63 silly idealTree | +-- ansi-regex@2.0.0
63 silly idealTree | +-- ansi-styles@2.2.1
63 silly idealTree | +-- chalk@1.1.3
63 silly idealTree | +-- has-ansi@2.0.0
63 silly idealTree | +-- is-absolute@0.1.7
63 silly idealTree | +-- is-relative@0.1.3
63 silly idealTree | +-- strip-ansi@3.0.1
63 silly idealTree | `-- supports-color@2.0.0
63 silly idealTree +-- strip-eof@1.0.0
63 silly idealTree +-- strip-indent@1.0.1
63 silly idealTree +-- strip-json-comments@1.0.4
63 silly idealTree +-- strip-outer@1.0.0
63 silly idealTree +-- sum-up@1.0.3
63 silly idealTree | +-- ansi-regex@2.0.0
63 silly idealTree | +-- ansi-styles@2.2.1
63 silly idealTree | +-- chalk@1.1.3
63 silly idealTree | +-- has-ansi@2.0.0
63 silly idealTree | +-- strip-ansi@3.0.1
63 silly idealTree | `-- supports-color@2.0.0
63 silly idealTree +-- supports-color@0.2.0
63 silly idealTree +-- svgo@0.7.1
63 silly idealTree +-- tar-stream@1.5.2
63 silly idealTree | +-- end-of-stream@1.1.0
63 silly idealTree | +-- isarray@1.0.0
63 silly idealTree | `-- readable-stream@2.2.2
63 silly idealTree +-- tempfile@1.1.1
63 silly idealTree +-- through@2.3.8
63 silly idealTree +-- through2-concurrent@1.1.1
63 silly idealTree +-- through2-filter@2.0.0
63 silly idealTree +-- through2@2.0.3
63 silly idealTree | +-- isarray@1.0.0
63 silly idealTree | `-- readable-stream@2.2.2
63 silly idealTree +-- tildify@1.2.0
63 silly idealTree +-- time-stamp@1.0.1
63 silly idealTree +-- timed-out@3.1.3
63 silly idealTree +-- to-absolute-glob@0.1.1
63 silly idealTree +-- to-fast-properties@1.0.2
63 silly idealTree +-- trim-newlines@1.0.0
63 silly idealTree +-- trim-repeated@1.0.0
63 silly idealTree +-- tunnel-agent@0.4.3
63 silly idealTree +-- type-is@1.6.14
63 silly idealTree +-- typedarray@0.0.6
63 silly idealTree +-- uglify-js@2.7.0
63 silly idealTree +-- uglify-save-license@0.4.1
63 silly idealTree +-- uglify-to-browserify@1.0.2
63 silly idealTree +-- unc-path-regex@0.1.2
63 silly idealTree +-- unique-stream@1.0.0
63 silly idealTree +-- unpipe@1.0.0
63 silly idealTree +-- unzip-response@1.0.2
63 silly idealTree +-- url-parse-lax@1.0.0
63 silly idealTree +-- url-regex@3.2.0
63 silly idealTree +-- user-home@1.1.1
63 silly idealTree +-- util-deprecate@1.0.2
63 silly idealTree +-- uuid@2.0.3
63 silly idealTree +-- v8flags@2.0.11
63 silly idealTree +-- vali-date@1.0.0
63 silly idealTree +-- validate-npm-package-license@3.0.1
63 silly idealTree +-- vinyl-assign@1.2.1
63 silly idealTree | +-- isarray@1.0.0
63 silly idealTree | +-- object-assign@4.1.0
63 silly idealTree | `-- readable-stream@2.2.2
63 silly idealTree +-- vinyl-bufferstream@1.0.1
63 silly idealTree +-- vinyl-fs@0.3.14
63 silly idealTree | +-- clone@0.2.0
63 silly idealTree | +-- readable-stream@1.0.34
63 silly idealTree | +-- through2@0.6.5
63 silly idealTree | `-- vinyl@0.4.6
63 silly idealTree +-- vinyl-map@1.0.2
63 silly idealTree | +-- readable-stream@1.0.34
63 silly idealTree | +-- through2@0.4.2
63 silly idealTree | `-- xtend@2.1.2
63 silly idealTree +-- vinyl-sourcemaps-apply@0.2.1
63 silly idealTree +-- vinyl@0.5.3
63 silly idealTree +-- ware@1.3.0
63 silly idealTree +-- websocket-driver@0.6.5
63 silly idealTree +-- websocket-extensions@0.1.1
63 silly idealTree +-- whet.extend@0.9.9
63 silly idealTree +-- which@1.2.12
63 silly idealTree +-- window-size@0.1.0
63 silly idealTree +-- wordwrap@0.0.2
63 silly idealTree +-- wrap-fn@0.1.5
63 silly idealTree +-- wrappy@1.0.2
63 silly idealTree +-- xtend@4.0.1
63 silly idealTree +-- yallist@2.0.0
63 silly idealTree +-- yargs@3.10.0
63 silly idealTree `-- yauzl@2.7.0
64 silly generateActionsToTake Starting
65 silly install generateActionsToTake
66 silly generateActionsToTake Finishing
67 silly diffTrees action count 1
68 silly diffTrees add jpeg-recompress-bin@3.0.1
69 silly decomposeActions action count 8
70 silly decomposeActions fetch jpeg-recompress-bin@3.0.1
71 silly decomposeActions extract jpeg-recompress-bin@3.0.1
72 silly decomposeActions test jpeg-recompress-bin@3.0.1
73 silly decomposeActions preinstall jpeg-recompress-bin@3.0.1
74 silly decomposeActions build jpeg-recompress-bin@3.0.1
75 silly decomposeActions install jpeg-recompress-bin@3.0.1
76 silly decomposeActions postinstall jpeg-recompress-bin@3.0.1
77 silly decomposeActions finalize jpeg-recompress-bin@3.0.1
78 silly runTopLevelLifecycles Starting
79 silly executeActions Starting
80 silly install executeActions
81 silly doSerial global-install 0
82 silly doParallel fetch 1
83 verbose correctMkdir C:\Users\Admin\AppData\Roaming\npm-cache\_locks correctMkdir not in flight; initializing
84 verbose lock using C:\Users\Admin\AppData\Roaming\npm-cache\_locks\staging-d2a94940066bc537.lock for C:\Users\Admin\Desktop\gulp-website\node_modules\.staging
85 silly doParallel extract 1
86 silly extract jpeg-recompress-bin@3.0.1
87 verbose unbuild node_modules\.staging\jpeg-recompress-bin-980d3ddf
88 silly gentlyRm C:\Users\Admin\Desktop\gulp-website\node_modules\.staging\jpeg-recompress-bin-980d3ddf is being purged from base C:\Users\Admin\Desktop\gulp-website
89 verbose gentlyRm don't care about contents; nuking C:\Users\Admin\Desktop\gulp-website\node_modules\.staging\jpeg-recompress-bin-980d3ddf
90 verbose tar unpack C:\Users\Admin\AppData\Roaming\npm-cache\jpeg-recompress-bin\3.0.1\package.tgz
91 verbose tar unpacking to C:\Users\Admin\Desktop\gulp-website\node_modules\.staging\jpeg-recompress-bin-980d3ddf
92 silly gentlyRm C:\Users\Admin\Desktop\gulp-website\node_modules\.staging\jpeg-recompress-bin-980d3ddf is being purged
93 verbose gentlyRm don't care about contents; nuking C:\Users\Admin\Desktop\gulp-website\node_modules\.staging\jpeg-recompress-bin-980d3ddf
94 silly gunzTarPerm modes [ '777', '666' ]
95 silly gunzTarPerm extractEntry package.json
96 silly gunzTarPerm modified mode [ 'package.json', 420, 438 ]
97 silly gunzTarPerm extractEntry cli.js
98 silly gunzTarPerm modified mode [ 'cli.js', 420, 438 ]
99 silly gunzTarPerm extractEntry index.js
100 silly gunzTarPerm modified mode [ 'index.js', 420, 438 ]
101 silly gunzTarPerm extractEntry lib/index.js
102 silly gunzTarPerm modified mode [ 'lib/index.js', 420, 438 ]
103 silly gunzTarPerm extractEntry lib/install.js
104 silly gunzTarPerm modified mode [ 'lib/install.js', 420, 438 ]
105 silly gunzTarPerm extractEntry license
106 silly gunzTarPerm modified mode [ 'license', 420, 438 ]
107 silly gunzTarPerm extractEntry readme.md
108 silly gunzTarPerm modified mode [ 'readme.md', 420, 438 ]
109 silly gentlyRm C:\Users\Admin\Desktop\gulp-website\node_modules\.staging\jpeg-recompress-bin-980d3ddf\node_modules is being purged
110 verbose gentlyRm don't care about contents; nuking C:\Users\Admin\Desktop\gulp-website\node_modules\.staging\jpeg-recompress-bin-980d3ddf\node_modules
111 silly doParallel preinstall 1
112 silly preinstall jpeg-recompress-bin@3.0.1 C:\Users\Admin\Desktop\gulp-website\node_modules\.staging\jpeg-recompress-bin-980d3ddf
113 info lifecycle jpeg-recompress-bin@3.0.1~preinstall: jpeg-recompress-bin@3.0.1
114 silly lifecycle jpeg-recompress-bin@3.0.1~preinstall: no script for preinstall, continuing
115 silly doReverseSerial remove 0
116 silly doSerial move 0
117 silly doSerial finalize 1
118 silly finalize C:\Users\Admin\Desktop\gulp-website\node_modules\jpeg-recompress-bin
119 silly doSerial build 1
120 silly build jpeg-recompress-bin@3.0.1
121 info linkStuff jpeg-recompress-bin@3.0.1
122 silly linkStuff jpeg-recompress-bin@3.0.1 has C:\Users\Admin\Desktop\gulp-website\node_modules as its parent node_modules
123 verbose linkBins jpeg-recompress-bin@3.0.1
124 verbose link bins [ { 'jpeg-recompress': 'cli.js' },
124 verbose link bins   'C:\\Users\\Admin\\Desktop\\gulp-website\\node_modules\\.bin',
124 verbose link bins   false ]
125 verbose linkMans jpeg-recompress-bin@3.0.1
126 silly doSerial global-link 0
127 silly doParallel update-linked 0
128 silly doSerial install 1
129 silly install jpeg-recompress-bin@3.0.1 C:\Users\Admin\Desktop\gulp-website\node_modules\.staging\jpeg-recompress-bin-980d3ddf
130 info lifecycle jpeg-recompress-bin@3.0.1~install: jpeg-recompress-bin@3.0.1
131 silly lifecycle jpeg-recompress-bin@3.0.1~install: no script for install, continuing
132 silly doSerial postinstall 1
133 silly postinstall jpeg-recompress-bin@3.0.1 C:\Users\Admin\Desktop\gulp-website\node_modules\.staging\jpeg-recompress-bin-980d3ddf
134 info lifecycle jpeg-recompress-bin@3.0.1~postinstall: jpeg-recompress-bin@3.0.1
135 verbose lifecycle jpeg-recompress-bin@3.0.1~postinstall: unsafe-perm in lifecycle true
136 verbose lifecycle jpeg-recompress-bin@3.0.1~postinstall: PATH: C:\Program Files\nodejs\node_modules\npm\bin\node-gyp-bin;C:\Users\Admin\Desktop\gulp-website\node_modules\jpeg-recompress-bin\node_modules\.bin;C:\Users\Admin\Desktop\gulp-website\node_modules\.bin;C:\Windows\system32;C:\Windows;C:\Windows\System32\Wbem;C:\Windows\System32\WindowsPowerShell\v1.0\;C:\Program Files\nodejs\;C:\Users\Admin\AppData\Roaming\npm
137 verbose lifecycle jpeg-recompress-bin@3.0.1~postinstall: CWD: C:\Users\Admin\Desktop\gulp-website\node_modules\jpeg-recompress-bin
138 silly lifecycle jpeg-recompress-bin@3.0.1~postinstall: Args: [ '/d /s /c', 'node lib/install.js' ]
139 silly lifecycle jpeg-recompress-bin@3.0.1~postinstall: Returned: code: 1  signal: null
140 info lifecycle jpeg-recompress-bin@3.0.1~postinstall: Failed to exec postinstall script
141 verbose unlock done using C:\Users\Admin\AppData\Roaming\npm-cache\_locks\staging-d2a94940066bc537.lock for C:\Users\Admin\Desktop\gulp-website\node_modules\.staging
142 silly rollbackFailedOptional Starting
143 silly rollbackFailedOptional Finishing
144 silly runTopLevelLifecycles Finishing
145 silly install printInstalled
146 warn gulp-website@1.0.0 No repository field.
147 verbose If you need help, you may report this error at:
147 verbose     <https://github.com/npm/npm/issues>
148 verbose stack Error: jpeg-recompress-bin@3.0.1 postinstall: `node lib/install.js`
148 verbose stack Exit status 1
148 verbose stack     at EventEmitter.<anonymous> (C:\Program Files\nodejs\node_modules\npm\lib\utils\lifecycle.js:255:16)
148 verbose stack     at emitTwo (events.js:106:13)
148 verbose stack     at EventEmitter.emit (events.js:191:7)
148 verbose stack     at ChildProcess.<anonymous> (C:\Program Files\nodejs\node_modules\npm\lib\utils\spawn.js:40:14)
148 verbose stack     at emitTwo (events.js:106:13)
148 verbose stack     at ChildProcess.emit (events.js:191:7)
148 verbose stack     at maybeClose (internal/child_process.js:885:16)
148 verbose stack     at Process.ChildProcess._handle.onexit (internal/child_process.js:226:5)
149 verbose pkgid jpeg-recompress-bin@3.0.1
150 verbose cwd C:\Users\Admin\Desktop\gulp-website
151 error Windows_NT 6.1.7600
152 error argv "C:\\Program Files\\nodejs\\node.exe" "C:\\Program Files\\nodejs\\node_modules\\npm\\bin\\npm-cli.js" "install" "--save" "jpeg-recompress-bin"
153 error node v7.3.0
154 error npm  v3.10.10
155 error code ELIFECYCLE
156 error jpeg-recompress-bin@3.0.1 postinstall: `node lib/install.js`
156 error Exit status 1
157 error Failed at the jpeg-recompress-bin@3.0.1 postinstall script 'node lib/install.js'.
157 error Make sure you have the latest version of node.js and npm installed.
157 error If you do, this is most likely a problem with the jpeg-recompress-bin package,
157 error not with npm itself.
157 error Tell the author that this fails on your system:
157 error     node lib/install.js
157 error You can get information on how to open an issue for this project with:
157 error     npm bugs jpeg-recompress-bin
157 error Or if that isn't available, you can get their info via:
157 error     npm owner ls jpeg-recompress-bin
157 error There is likely additional logging output above.
158 verbose exit [ 1, true ]
